File: solar_station_2024-10-08 | Operation: Log energy data | Timestamp: Wed Oct 09 17:55:11 CEST 2024
File: wind_station_2024-10-08 | Operation: Log energy data | Timestamp: Wed Oct 09 17:55:11 CEST 2024
Search Term: 2024-10-08 | Search Type: searched by date | Timestamp: Wed Oct 09 17:55:11 CEST 2024
Search Term: solar_station | Search Type: searched by equipment | Timestamp: Wed Oct 09 17:55:11 CEST 2024
File: solar_station_2024-10-08.log | Operation: Log file opened | Timestamp: Wed Oct 09 17:55:11 CEST 2024
File: solar_station_2024-10-08 | Operation: Log energy data | Timestamp: Wed Oct 09 17:56:29 CEST 2024
File: wind_station_2024-10-08 | Operation: Log energy data | Timestamp: Wed Oct 09 17:56:29 CEST 2024
Search Term: 2024-10-08 | Search Type: searched by date | Timestamp: Wed Oct 09 17:56:29 CEST 2024
Search Term: solar_station | Search Type: searched by equipment | Timestamp: Wed Oct 09 17:56:29 CEST 2024
File: solar_station_2024-10-08.log | Operation: Log file opened | Timestamp: Wed Oct 09 17:56:29 CEST 2024
Search Term: 2024-10-09 | Search Type: searched by date | Timestamp: Wed Oct 09 22:35:08 CEST 2024
Search Term: 2024-10-08 | Search Type: searched by date | Timestamp: Wed Oct 09 22:39:12 CEST 2024
Search Term: solar | Search Type: searched by equipment | Timestamp: Wed Oct 09 22:39:43 CEST 2024
File: solar_station_2024-10-08.log | Operation: Log file opened | Timestamp: Wed Oct 09 22:40:46 CEST 2024
File: solar | Operation: Log energy data | Timestamp: Wed Oct 09 22:42:46 CEST 2024
File: solar.log | Operation: Log file opened | Timestamp: Wed Oct 09 22:43:51 CEST 2024
Search Term: 2024-10-08 | Search Type: searched by date | Timestamp: Wed Oct 09 23:10:01 CEST 2024
Search Term: 6668-74-85 | Search Type: searched by date | Timestamp: Wed Oct 09 23:10:30 CEST 2024
Search Term: wind | Search Type: searched by equipment | Timestamp: Wed Oct 09 23:10:53 CEST 2024
File: wind | Operation: Log energy data | Timestamp: Wed Oct 09 23:11:43 CEST 2024
File: wind.log | Operation: Log file opened | Timestamp: Wed Oct 09 23:12:12 CEST 2024
Search Term: 2024-10-08 | Search Type: searched by date | Timestamp: Wed Oct 09 23:48:33 CEST 2024
Search Term: 444-55-4 | Search Type: searched by date | Timestamp: Wed Oct 09 23:49:13 CEST 2024
Search Term: solar | Search Type: searched by equipment | Timestamp: Wed Oct 09 23:49:44 CEST 2024
